2023-06-16 12:23:58,247 root INFO Question No. 2: 
2023-06-16 12:23:58,248 root INFO print_exception_hierarchy function, takes an exception class as an argument and recursively prints the exception hierarchy
2023-06-16 12:23:58,248 root INFO Prints Python Exception Hierarchy
2023-06-16 12:23:58,248 root INFO Python Exception Hierarchy:
2023-06-16 12:23:58,248 root INFO ---------------------------
2023-06-16 12:23:58,248 root INFO BaseException
2023-06-16 12:23:58,248 root INFO   Exception
2023-06-16 12:23:58,248 root INFO     TypeError
2023-06-16 12:23:58,248 root INFO       FloatOperation
2023-06-16 12:23:58,248 root INFO       MultipartConversionError
2023-06-16 12:23:58,248 root INFO     StopAsyncIteration
2023-06-16 12:23:58,248 root INFO     StopIteration
2023-06-16 12:23:58,249 root INFO     ImportError
2023-06-16 12:23:58,249 root INFO       ModuleNotFoundError
2023-06-16 12:23:58,249 root INFO       ZipImportError
2023-06-16 12:23:58,249 root INFO     OSError
2023-06-16 12:23:58,249 root INFO       ConnectionError
2023-06-16 12:23:58,249 root INFO         BrokenPipeError
2023-06-16 12:23:58,250 root INFO         ConnectionAbortedError
2023-06-16 12:23:58,250 root INFO         ConnectionRefusedError
2023-06-16 12:23:58,250 root INFO         ConnectionResetError
2023-06-16 12:23:58,250 root INFO           RemoteDisconnected
2023-06-16 12:23:58,250 root INFO       BlockingIOError
2023-06-16 12:23:58,250 root INFO       ChildProcessError
2023-06-16 12:23:58,250 root INFO       FileExistsError
2023-06-16 12:23:58,250 root INFO       FileNotFoundError
2023-06-16 12:23:58,250 root INFO       IsADirectoryError
2023-06-16 12:23:58,250 root INFO       NotADirectoryError
2023-06-16 12:23:58,250 root INFO       InterruptedError
2023-06-16 12:23:58,250 root INFO         InterruptedSystemCall
2023-06-16 12:23:58,250 root INFO       PermissionError
2023-06-16 12:23:58,250 root INFO       ProcessLookupError
2023-06-16 12:23:58,250 root INFO       TimeoutError
2023-06-16 12:23:58,250 root INFO       UnsupportedOperation
2023-06-16 12:23:58,250 root INFO       itimer_error
2023-06-16 12:23:58,250 root INFO       herror
2023-06-16 12:23:58,250 root INFO       gaierror
2023-06-16 12:23:58,251 root INFO       SSLError
2023-06-16 12:23:58,251 root INFO         SSLCertVerificationError
2023-06-16 12:23:58,251 root INFO         SSLZeroReturnError
2023-06-16 12:23:58,251 root INFO         SSLWantWriteError
2023-06-16 12:23:58,251 root INFO         SSLWantReadError
2023-06-16 12:23:58,251 root INFO         SSLSyscallError
2023-06-16 12:23:58,251 root INFO         SSLEOFError
2023-06-16 12:23:58,251 root INFO       Error
2023-06-16 12:23:58,251 root INFO         SameFileError
2023-06-16 12:23:58,251 root INFO       SpecialFileError
2023-06-16 12:23:58,251 root INFO       ExecError
2023-06-16 12:23:58,251 root INFO       ReadError
2023-06-16 12:23:58,251 root INFO       URLError
2023-06-16 12:23:58,251 root INFO         HTTPError
2023-06-16 12:23:58,251 root INFO         ContentTooShortError
2023-06-16 12:23:58,251 root INFO       BadGzipFile
2023-06-16 12:23:58,251 root INFO     EOFError
2023-06-16 12:23:58,251 root INFO       IncompleteReadError
2023-06-16 12:23:58,251 root INFO     RuntimeError
2023-06-16 12:23:58,252 root INFO       RecursionError
2023-06-16 12:23:58,252 root INFO       NotImplementedError
2023-06-16 12:23:58,252 root INFO         ZMQVersionError
2023-06-16 12:23:58,252 root INFO         StdinNotImplementedError
2023-06-16 12:23:58,252 root INFO       _DeadlockError
2023-06-16 12:23:58,252 root INFO       BrokenBarrierError
2023-06-16 12:23:58,252 root INFO       BrokenExecutor
2023-06-16 12:23:58,252 root INFO         BrokenThreadPool
2023-06-16 12:23:58,252 root INFO       SendfileNotAvailableError
2023-06-16 12:23:58,252 root INFO       ExtractionError
2023-06-16 12:23:58,252 root INFO       VariableError
2023-06-16 12:23:58,252 root INFO     NameError
2023-06-16 12:23:58,252 root INFO       UnboundLocalError
2023-06-16 12:23:58,252 root INFO     AttributeError
2023-06-16 12:23:58,252 root INFO       FrozenInstanceError
2023-06-16 12:23:58,252 root INFO     SyntaxError
2023-06-16 12:23:58,253 root INFO       IndentationError
2023-06-16 12:23:58,253 root INFO         TabError
2023-06-16 12:23:58,253 root INFO     LookupError
2023-06-16 12:23:58,253 root INFO       IndexError
2023-06-16 12:23:58,253 root INFO       KeyError
2023-06-16 12:23:58,253 root INFO         NoSuchKernel
2023-06-16 12:23:58,253 root INFO         UnknownBackend
2023-06-16 12:23:58,253 root INFO       CodecRegistryError
2023-06-16 12:23:58,253 root INFO     ValueError
2023-06-16 12:23:58,253 root INFO       UnicodeError
2023-06-16 12:23:58,253 root INFO         UnicodeEncodeError
2023-06-16 12:23:58,253 root INFO         UnicodeDecodeError
2023-06-16 12:23:58,253 root INFO         UnicodeTranslateError
2023-06-16 12:23:58,253 root INFO       UnsupportedOperation
2023-06-16 12:23:58,253 root INFO       JSONDecodeError
2023-06-16 12:23:58,253 root INFO       SSLCertVerificationError
2023-06-16 12:23:58,253 root INFO       Error
2023-06-16 12:23:58,253 root INFO       UnsupportedDigestmodError
2023-06-16 12:23:58,253 root INFO       IllegalMonthError
2023-06-16 12:23:58,254 root INFO       IllegalWeekdayError
2023-06-16 12:23:58,254 root INFO       ParserError
2023-06-16 12:23:58,254 root INFO       ClassNotFound
2023-06-16 12:23:58,254 root INFO       ClipboardEmpty
2023-06-16 12:23:58,254 root INFO       MessageDefect
2023-06-16 12:23:58,254 root INFO         NoBoundaryInMultipartDefect
2023-06-16 12:23:58,254 root INFO         StartBoundaryNotFoundDefect
2023-06-16 12:23:58,255 root INFO         CloseBoundaryNotFoundDefect
2023-06-16 12:23:58,255 root INFO         FirstHeaderLineIsContinuationDefect
2023-06-16 12:23:58,255 root INFO         MisplacedEnvelopeHeaderDefect
2023-06-16 12:23:58,255 root INFO         MissingHeaderBodySeparatorDefect
2023-06-16 12:23:58,255 root INFO         MultipartInvariantViolationDefect
2023-06-16 12:23:58,255 root INFO         InvalidMultipartContentTransferEncodingDefect
2023-06-16 12:23:58,255 root INFO         UndecodableBytesDefect
2023-06-16 12:23:58,255 root INFO         InvalidBase64PaddingDefect
2023-06-16 12:23:58,255 root INFO         InvalidBase64CharactersDefect
2023-06-16 12:23:58,255 root INFO         InvalidBase64LengthDefect
2023-06-16 12:23:58,255 root INFO         HeaderDefect
2023-06-16 12:23:58,255 root INFO           InvalidHeaderDefect
2023-06-16 12:23:58,255 root INFO           HeaderMissingRequiredValue
2023-06-16 12:23:58,256 root INFO           NonPrintableDefect
2023-06-16 12:23:58,256 root INFO           ObsoleteHeaderDefect
2023-06-16 12:23:58,256 root INFO           NonASCIILocalPartDefect
2023-06-16 12:23:58,256 root INFO           InvalidDateDefect
2023-06-16 12:23:58,256 root INFO       MacroToEdit
2023-06-16 12:23:58,256 root INFO       InvalidFileException
2023-06-16 12:23:58,256 root INFO       UnequalIterablesError
2023-06-16 12:23:58,256 root INFO       InvalidVersion
2023-06-16 12:23:58,256 root INFO       _InvalidELFFileHeader
2023-06-16 12:23:58,256 root INFO       InvalidWheelFilename
2023-06-16 12:23:58,256 root INFO       InvalidSdistFilename
2023-06-16 12:23:58,256 root INFO       InvalidSpecifier
2023-06-16 12:23:58,256 root INFO       InvalidMarker
2023-06-16 12:23:58,256 root INFO       UndefinedComparison
2023-06-16 12:23:58,256 root INFO       UndefinedEnvironmentName
2023-06-16 12:23:58,256 root INFO       InvalidRequirement
2023-06-16 12:23:58,256 root INFO         RequirementParseError
2023-06-16 12:23:58,256 root INFO       InvalidVersion
2023-06-16 12:23:58,256 root INFO     AssertionError
2023-06-16 12:23:58,257 root INFO     ArithmeticError
2023-06-16 12:23:58,257 root INFO       FloatingPointError
2023-06-16 12:23:58,257 root INFO       OverflowError
2023-06-16 12:23:58,257 root INFO       ZeroDivisionError
2023-06-16 12:23:58,257 root INFO         DivisionByZero
2023-06-16 12:23:58,257 root INFO         DivisionUndefined
2023-06-16 12:23:58,257 root INFO       DecimalException
2023-06-16 12:23:58,257 root INFO         Clamped
2023-06-16 12:23:58,257 root INFO         Rounded
2023-06-16 12:23:58,257 root INFO           Underflow
2023-06-16 12:23:58,257 root INFO           Overflow
2023-06-16 12:23:58,257 root INFO         Inexact
2023-06-16 12:23:58,257 root INFO           Underflow
2023-06-16 12:23:58,257 root INFO           Overflow
2023-06-16 12:23:58,257 root INFO         Subnormal
2023-06-16 12:23:58,257 root INFO           Underflow
2023-06-16 12:23:58,257 root INFO         DivisionByZero
2023-06-16 12:23:58,257 root INFO         FloatOperation
2023-06-16 12:23:58,257 root INFO         InvalidOperation
2023-06-16 12:23:58,257 root INFO           ConversionSyntax
2023-06-16 12:23:58,257 root INFO           DivisionImpossible
2023-06-16 12:23:58,257 root INFO           DivisionUndefined
2023-06-16 12:23:58,257 root INFO           InvalidContext
2023-06-16 12:23:58,257 root INFO     SystemError
2023-06-16 12:23:58,258 root INFO       CodecRegistryError
2023-06-16 12:23:58,258 root INFO     ReferenceError
2023-06-16 12:23:58,258 root INFO     MemoryError
2023-06-16 12:23:58,258 root INFO     BufferError
2023-06-16 12:23:58,258 root INFO     Warning
2023-06-16 12:23:58,258 root INFO       UserWarning
2023-06-16 12:23:58,258 root INFO         GetPassWarning
2023-06-16 12:23:58,258 root INFO         FormatterWarning
2023-06-16 12:23:58,258 root INFO       EncodingWarning
2023-06-16 12:23:58,258 root INFO       DeprecationWarning
2023-06-16 12:23:58,258 root INFO         ProvisionalWarning
2023-06-16 12:23:58,258 root INFO       PendingDeprecationWarning
2023-06-16 12:23:58,258 root INFO       SyntaxWarning
2023-06-16 12:23:58,258 root INFO       RuntimeWarning
2023-06-16 12:23:58,258 root INFO         ProactorSelectorThreadWarning
2023-06-16 12:23:58,258 root INFO         UnknownTimezoneWarning
2023-06-16 12:23:58,258 root INFO         PEP440Warning
2023-06-16 12:23:58,258 root INFO       FutureWarning
2023-06-16 12:23:58,258 root INFO         ProvisionalCompleterWarning
2023-06-16 12:23:58,258 root INFO       ImportWarning
2023-06-16 12:23:58,259 root INFO       UnicodeWarning
2023-06-16 12:23:58,259 root INFO       BytesWarning
2023-06-16 12:23:58,259 root INFO       ResourceWarning
2023-06-16 12:23:58,259 root INFO       DeprecatedTzFormatWarning
2023-06-16 12:23:58,259 root INFO       PkgResourcesDeprecationWarning
2023-06-16 12:23:58,259 root INFO     _OptionError
2023-06-16 12:23:58,259 root INFO     _Error
2023-06-16 12:23:58,259 root INFO     error
2023-06-16 12:23:58,259 root INFO     Verbose
2023-06-16 12:23:58,259 root INFO     Error
2023-06-16 12:23:58,259 root INFO     SubprocessError
2023-06-16 12:23:58,259 root INFO       CalledProcessError
2023-06-16 12:23:58,259 root INFO       TimeoutExpired
2023-06-16 12:23:58,259 root INFO     TokenError
2023-06-16 12:23:58,259 root INFO     StopTokenizing
2023-06-16 12:23:58,259 root INFO     ClassFoundException
2023-06-16 12:23:58,259 root INFO     EndOfBlock
2023-06-16 12:23:58,259 root INFO     TraitError
2023-06-16 12:23:58,259 root INFO     Error
2023-06-16 12:23:58,260 root INFO     Error
2023-06-16 12:23:58,260 root INFO       CancelledError
2023-06-16 12:23:58,260 root INFO       TimeoutError
2023-06-16 12:23:58,260 root INFO       InvalidStateError
2023-06-16 12:23:58,260 root INFO     _GiveupOnSendfile
2023-06-16 12:23:58,260 root INFO     error
2023-06-16 12:23:58,260 root INFO     Incomplete
2023-06-16 12:23:58,260 root INFO     TimeoutError
2023-06-16 12:23:58,260 root INFO     InvalidStateError
2023-06-16 12:23:58,260 root INFO     LimitOverrunError
2023-06-16 12:23:58,260 root INFO     QueueEmpty
2023-06-16 12:23:58,260 root INFO     QueueFull
2023-06-16 12:23:58,260 root INFO     Empty
2023-06-16 12:23:58,260 root INFO     Full
2023-06-16 12:23:58,260 root INFO     ArgumentError
2023-06-16 12:23:58,260 root INFO     ZMQBaseError
2023-06-16 12:23:58,260 root INFO       ZMQError
2023-06-16 12:23:58,260 root INFO         ContextTerminated
2023-06-16 12:23:58,260 root INFO         Again
2023-06-16 12:23:58,260 root INFO         InterruptedSystemCall
2023-06-16 12:23:58,261 root INFO       ZMQBindError
2023-06-16 12:23:58,261 root INFO       NotDone
2023-06-16 12:23:58,261 root INFO     PickleError
2023-06-16 12:23:58,261 root INFO       PicklingError
2023-06-16 12:23:58,261 root INFO       UnpicklingError
2023-06-16 12:23:58,261 root INFO     _Stop
2023-06-16 12:23:58,261 root INFO     ArgumentError
2023-06-16 12:23:58,261 root INFO     ArgumentTypeError
2023-06-16 12:23:58,261 root INFO     ConfigError
2023-06-16 12:23:58,261 root INFO       ConfigLoaderError
2023-06-16 12:23:58,261 root INFO         ArgumentError
2023-06-16 12:23:58,261 root INFO       ConfigFileNotFound
2023-06-16 12:23:58,261 root INFO     ConfigurableError
2023-06-16 12:23:58,261 root INFO       MultipleInstanceError
2023-06-16 12:23:58,261 root INFO     ApplicationError
2023-06-16 12:23:58,261 root INFO     error
2023-06-16 12:23:58,261 root INFO     TimeoutError
2023-06-16 12:23:58,261 root INFO     error
2023-06-16 12:23:58,261 root INFO     ReturnValueIgnoredError
2023-06-16 12:23:58,261 root INFO     KeyReuseError
2023-06-16 12:23:58,262 root INFO     UnknownKeyError
2023-06-16 12:23:58,262 root INFO     LeakedCallbackError
2023-06-16 12:23:58,262 root INFO     BadYieldError
2023-06-16 12:23:58,262 root INFO     ReturnValueIgnoredError
2023-06-16 12:23:58,262 root INFO     Return
2023-06-16 12:23:58,262 root INFO     InvalidPortNumber
2023-06-16 12:23:58,262 root INFO     error
2023-06-16 12:23:58,262 root INFO     LZMAError
2023-06-16 12:23:58,262 root INFO     RegistryError
2023-06-16 12:23:58,262 root INFO     _GiveupOnFastCopy
2023-06-16 12:23:58,262 root INFO     Error
2023-06-16 12:23:58,262 root INFO       NoSectionError
2023-06-16 12:23:58,262 root INFO       DuplicateSectionError
2023-06-16 12:23:58,262 root INFO       DuplicateOptionError
2023-06-16 12:23:58,262 root INFO       NoOptionError
2023-06-16 12:23:58,262 root INFO       InterpolationError
2023-06-16 12:23:58,262 root INFO         InterpolationMissingOptionError
2023-06-16 12:23:58,262 root INFO         InterpolationSyntaxError
2023-06-16 12:23:58,262 root INFO         InterpolationDepthError
2023-06-16 12:23:58,263 root INFO       ParsingError
2023-06-16 12:23:58,263 root INFO         MissingSectionHeaderError
2023-06-16 12:23:58,263 root INFO     NoIPAddresses
2023-06-16 12:23:58,263 root INFO     BadZipFile
2023-06-16 12:23:58,263 root INFO     LargeZipFile
2023-06-16 12:23:58,263 root INFO     BadEntryPoint
2023-06-16 12:23:58,263 root INFO     NoSuchEntryPoint
2023-06-16 12:23:58,263 root INFO     DuplicateKernelError
2023-06-16 12:23:58,263 root INFO     ErrorDuringImport
2023-06-16 12:23:58,263 root INFO     NotOneValueFound
2023-06-16 12:23:58,263 root INFO     CannotEval
2023-06-16 12:23:58,263 root INFO     OptionError
2023-06-16 12:23:58,263 root INFO     BdbQuit
2023-06-16 12:23:58,263 root INFO     Restart
2023-06-16 12:23:58,263 root INFO     ExceptionPexpect
2023-06-16 12:23:58,263 root INFO       EOF
2023-06-16 12:23:58,263 root INFO       TIMEOUT
2023-06-16 12:23:58,263 root INFO     PtyProcessError
2023-06-16 12:23:58,263 root INFO     FindCmdError
2023-06-16 12:23:58,263 root INFO     HomeDirError
2023-06-16 12:23:58,264 root INFO     ProfileDirError
2023-06-16 12:23:58,264 root INFO     IPythonCoreError
2023-06-16 12:23:58,264 root INFO       TryNext
2023-06-16 12:23:58,264 root INFO       UsageError
2023-06-16 12:23:58,264 root INFO       StdinNotImplementedError
2023-06-16 12:23:58,264 root INFO     InputRejected
2023-06-16 12:23:58,264 root INFO     GetoptError
2023-06-16 12:23:58,264 root INFO     ErrorToken
2023-06-16 12:23:58,264 root INFO     PrefilterError
2023-06-16 12:23:58,264 root INFO     AliasError
2023-06-16 12:23:58,264 root INFO       InvalidAliasError
2023-06-16 12:23:58,264 root INFO     Error
2023-06-16 12:23:58,264 root INFO       InterfaceError
2023-06-16 12:23:58,264 root INFO       DatabaseError
2023-06-16 12:23:58,264 root INFO         InternalError
2023-06-16 12:23:58,264 root INFO         OperationalError
2023-06-16 12:23:58,264 root INFO         ProgrammingError
2023-06-16 12:23:58,264 root INFO         IntegrityError
2023-06-16 12:23:58,265 root INFO         DataError
2023-06-16 12:23:58,265 root INFO         NotSupportedError
2023-06-16 12:23:58,265 root INFO     Warning
2023-06-16 12:23:58,265 root INFO     SpaceInInput
2023-06-16 12:23:58,265 root INFO     DOMException
2023-06-16 12:23:58,265 root INFO       IndexSizeErr
2023-06-16 12:23:58,265 root INFO       DomstringSizeErr
2023-06-16 12:23:58,265 root INFO       HierarchyRequestErr
2023-06-16 12:23:58,265 root INFO       WrongDocumentErr
2023-06-16 12:23:58,265 root INFO       InvalidCharacterErr
2023-06-16 12:23:58,265 root INFO       NoDataAllowedErr
2023-06-16 12:23:58,265 root INFO       NoModificationAllowedErr
2023-06-16 12:23:58,265 root INFO       NotFoundErr
2023-06-16 12:23:58,265 root INFO       NotSupportedErr
2023-06-16 12:23:58,265 root INFO       InuseAttributeErr
2023-06-16 12:23:58,265 root INFO       InvalidStateErr
2023-06-16 12:23:58,265 root INFO       SyntaxErr
2023-06-16 12:23:58,265 root INFO       InvalidModificationErr
2023-06-16 12:23:58,265 root INFO       NamespaceErr
2023-06-16 12:23:58,265 root INFO       InvalidAccessErr
2023-06-16 12:23:58,266 root INFO       ValidationErr
2023-06-16 12:23:58,266 root INFO     ValidationError
2023-06-16 12:23:58,266 root INFO     EditReadOnlyBuffer
2023-06-16 12:23:58,266 root INFO     _Retry
2023-06-16 12:23:58,266 root INFO     InvalidLayoutError
2023-06-16 12:23:58,266 root INFO     HeightIsUnknownError
2023-06-16 12:23:58,266 root INFO     ParserSyntaxError
2023-06-16 12:23:58,266 root INFO     InternalParseError
2023-06-16 12:23:58,266 root INFO     _PositionUpdatingFinished
2023-06-16 12:23:58,266 root INFO     SimpleGetItemNotFound
2023-06-16 12:23:58,266 root INFO     UncaughtAttributeError
2023-06-16 12:23:58,266 root INFO     HasNoContext
2023-06-16 12:23:58,266 root INFO     ParamIssue
2023-06-16 12:23:58,266 root INFO     _JediError
2023-06-16 12:23:58,266 root INFO       InternalError
2023-06-16 12:23:58,266 root INFO       WrongVersion
2023-06-16 12:23:58,266 root INFO       RefactoringError
2023-06-16 12:23:58,266 root INFO     OnErrorLeaf
2023-06-16 12:23:58,266 root INFO     InvalidPythonEnvironment
2023-06-16 12:23:58,266 root INFO     MessageError
2023-06-16 12:23:58,267 root INFO       MessageParseError
2023-06-16 12:23:58,267 root INFO         HeaderParseError
2023-06-16 12:23:58,267 root INFO         BoundaryError
2023-06-16 12:23:58,267 root INFO       MultipartConversionError
2023-06-16 12:23:58,267 root INFO       CharsetError
2023-06-16 12:23:58,267 root INFO     Error
2023-06-16 12:23:58,267 root INFO     HTTPException
2023-06-16 12:23:58,267 root INFO       NotConnected
2023-06-16 12:23:58,267 root INFO       InvalidURL
2023-06-16 12:23:58,267 root INFO       UnknownProtocol
2023-06-16 12:23:58,267 root INFO       UnknownTransferEncoding
2023-06-16 12:23:58,267 root INFO       UnimplementedFileMode
2023-06-16 12:23:58,267 root INFO       IncompleteRead
2023-06-16 12:23:58,267 root INFO       ImproperConnectionState
2023-06-16 12:23:58,267 root INFO         CannotSendRequest
2023-06-16 12:23:58,267 root INFO         CannotSendHeader
2023-06-16 12:23:58,267 root INFO         ResponseNotReady
2023-06-16 12:23:58,267 root INFO       BadStatusLine
2023-06-16 12:23:58,267 root INFO         RemoteDisconnected
2023-06-16 12:23:58,267 root INFO       LineTooLong
2023-06-16 12:23:58,268 root INFO     InteractivelyDefined
2023-06-16 12:23:58,268 root INFO     KillEmbedded
2023-06-16 12:23:58,268 root INFO     Error
2023-06-16 12:23:58,268 root INFO       NoSuchProcess
2023-06-16 12:23:58,268 root INFO         ZombieProcess
2023-06-16 12:23:58,268 root INFO       AccessDenied
2023-06-16 12:23:58,268 root INFO       TimeoutExpired
2023-06-16 12:23:58,268 root INFO     _Ipv6UnsupportedError
2023-06-16 12:23:58,268 root INFO     QueueEmpty
2023-06-16 12:23:58,268 root INFO     QueueFull
2023-06-16 12:23:58,268 root INFO     DebuggerInitializationError
2023-06-16 12:23:58,268 root INFO     ExpatError
2023-06-16 12:23:58,268 root INFO     Error
2023-06-16 12:23:58,268 root INFO       ProtocolError
2023-06-16 12:23:58,268 root INFO       ResponseError
2023-06-16 12:23:58,268 root INFO       Fault
2023-06-16 12:23:58,268 root INFO     ParseBaseException
2023-06-16 12:23:58,268 root INFO       ParseException
2023-06-16 12:23:58,268 root INFO       ParseFatalException
2023-06-16 12:23:58,269 root INFO         ParseSyntaxException
2023-06-16 12:23:58,269 root INFO     RecursiveGrammarException
2023-06-16 12:23:58,269 root INFO     ResolutionError
2023-06-16 12:23:58,269 root INFO       VersionConflict
2023-06-16 12:23:58,269 root INFO         ContextualVersionConflict
2023-06-16 12:23:58,269 root INFO       DistributionNotFound
2023-06-16 12:23:58,269 root INFO       UnknownExtra
2023-06-16 12:23:58,269 root INFO     _Error
2023-06-16 12:23:58,269 root INFO     UnableToResolveVariableException
2023-06-16 12:23:58,269 root INFO     InvalidTypeInArgsException
2023-06-16 12:23:58,269 root INFO   GeneratorExit
2023-06-16 12:23:58,269 root INFO   SystemExit
2023-06-16 12:23:58,269 root INFO   KeyboardInterrupt
2023-06-16 12:23:58,269 root INFO   CancelledError
2023-06-16 12:23:58,269 root INFO   AbortThread
2023-06-16 12:24:00,637 root INFO Question No. 3: 
2023-06-16 12:24:00,637 root INFO Example of ZeroDivisionError:
2023-06-16 12:24:00,638 root INFO Inside try block we attempt to divide the number 10 by zero
2023-06-16 12:24:00,638 root ERROR raises a ZeroDivisionError
2023-06-16 12:24:00,638 root INFO Inside except block, We catch the ZeroDivisionError exception
2023-06-16 12:24:00,638 root ERROR ZeroDivisionError occurred: division by zero
2023-06-16 12:24:02,357 root INFO Example of OverflowError
2023-06-16 12:24:02,358 root INFO Inside try block,  
2023-06-16 12:24:02,358 root INFO Inside for loop, perform repeated exponentiation of a floating-point number j: 5.0. It loops in range(1, 1000) : 1.
2023-06-16 12:24:02,358 root INFO Inside for loop, perform repeated exponentiation of a floating-point number j: 5.0. It loops in range(1, 1000) : 2.
2023-06-16 12:24:02,358 root INFO Inside for loop, perform repeated exponentiation of a floating-point number j: 25.0. It loops in range(1, 1000) : 3.
2023-06-16 12:24:02,358 root INFO Inside for loop, perform repeated exponentiation of a floating-point number j: 15625.0. It loops in range(1, 1000) : 4.
2023-06-16 12:24:02,358 root INFO Inside for loop, perform repeated exponentiation of a floating-point number j: 5.960464477539062e+16. It loops in range(1, 1000) : 5.
2023-06-16 12:24:02,358 root INFO Inside for loop, perform repeated exponentiation of a floating-point number j: 7.52316384526264e+83. It loops in range(1, 1000) : 6.
2023-06-16 12:24:02,358 root INFO Inside except block, We catch the ArithmeticError exception
2023-06-16 12:24:02,358 root INFO (34, 'Numerical result out of range'), <class 'OverflowError'>
2023-06-16 12:24:05,498 root INFO Question No. 4: 
2023-06-16 12:24:05,498 root INFO Example of KeyError: 
2023-06-16 12:24:05,498 root INFO Inside try block, checking for a key value "d" in given dict. {'a': 1, 'b': 2, 'c': 3}
2023-06-16 12:24:05,498 root INFO Inside except block, we catch the KeyError exception.
2023-06-16 12:24:05,498 root ERROR KeyError occurred: 'd'
2023-06-16 12:24:08,297 root INFO Example of IndexError: 
2023-06-16 12:24:08,297 root INFO Inside try block, trying to access the element at index 3 in given list. [1, 2, 3]
2023-06-16 12:24:08,298 root INFO Inside except block, we catch the IndexError exception.
2023-06-16 12:24:08,298 root ERROR IndexError occurred: list index out of range
2023-06-16 12:24:10,947 root INFO Question No. 5: 
2023-06-16 12:24:10,948 root INFO Example of ImportError: 
2023-06-16 12:24:10,948 root INFO Inside try block, trying to import a module called non_existent_module, which does not exist.
2023-06-16 12:24:10,948 root INFO Inside except block, we catch the ImportError exception.
2023-06-16 12:24:10,948 root ERROR ImportError occurred: No module named 'non_existent_module'
2023-06-16 12:25:29,514 Comm ERROR No such comm target registered: jupyter.widget.control
2023-06-16 12:25:29,522 Comm WARNING No such comm: 6d5d3e2f-90c3-4e4f-8f02-3d04d10e17e1
2023-06-16 12:25:29,523 Comm DEBUG Current comms: []
